#
# There is insufficient memory for the Java Runtime Environment to continue.
# Native memory allocation (mmap) failed to map 398458880 bytes. Error detail: G1 virtual space
# Possible reasons:
#   The system is out of physical RAM or swap space
#   This process is running with CompressedOops enabled, and the Java Heap may be blocking the growth of the native heap
# Possible solutions:
#   Reduce memory load on the system
#   Increase physical memory or swap space
#   Check if swap backing store is full
#   Decrease Java heap size (-Xmx/-Xms)
#   Decrease number of Java threads
#   Decrease Java thread stack sizes (-Xss)
#   Set larger code cache with -XX:ReservedCodeCacheSize=
#   JVM is running with Zero Based Compressed Oops mode in which the Java heap is
#     placed in the first 32GB address space. The Java Heap base address is the
#     maximum limit for the native heap growth. Please use -XX:HeapBaseMinAddress
#     to set the Java Heap base and to place the Java Heap above 32GB virtual address.
# This output file may be truncated or incomplete.
#
#  Out of Memory Error (os_windows.cpp:3713), pid=19092, tid=5296
#
# JRE version:  (21.0.9+11) (build )
# Java VM: OpenJDK 64-Bit Server VM (21.0.9+11-LTS, mixed mode, sharing, tiered, compressed oops, compressed class ptrs, g1 gc, windows-amd64)
# No core dump will be written. Minidumps are not enabled by default on client versions of Windows
#

---------------  S U M M A R Y ------------

Command Line: -Dnet.bytebuddy.agent.attacher.dump= net.bytebuddy.agent.Attacher com.sun.tools.attach.VirtualMachine 26844 C:\Users\LENOVO\.m2\repository\net\bytebuddy\byte-buddy-agent\1.15.10\byte-buddy-agent-1.15.10.jar false 

Host: 13th Gen Intel(R) Core(TM) i5-13450HX, 16 cores, 23G,  Windows 11 , 64 bit Build 26100 (10.0.26100.7705)
Time: Thu Feb 12 16:15:56 2026 India Standard Time elapsed time: 1.363851 seconds (0d 0h 0m 1s)

---------------  T H R E A D  ---------------

Current thread (0x000001ab9e871aa0):  JavaThread "Unknown thread" [_thread_in_vm, id=5296, stack(0x0000006636100000,0x0000006636200000) (1024K)]

Stack: [0x0000006636100000,0x0000006636200000]
Native frames: (J=compiled Java code, j=interpreted, Vv=VM code, C=native code)
V  [jvm.dll+0x6da199]
V  [jvm.dll+0x8b7861]
V  [jvm.dll+0x8b9c7e]
V  [jvm.dll+0x8ba363]
V  [jvm.dll+0x285a46]
V  [jvm.dll+0x6d68c5]
V  [jvm.dll+0x6ca42a]
V  [jvm.dll+0x35e94a]
V  [jvm.dll+0x366566]
V  [jvm.dll+0x3b831e]
V  [jvm.dll+0x3b85c8]
V  [jvm.dll+0x3322fc]
V  [jvm.dll+0x332e8b]
V  [jvm.dll+0x87fe29]
V  [jvm.dll+0x3c5471]
V  [jvm.dll+0x868dc3]
V  [jvm.dll+0x45990e]
V  [jvm.dll+0x45b591]
C  [jli.dll+0x52a3]
C  [ucrtbase.dll+0x37b0]
C  [KERNEL32.DLL+0x2e8d7]
C  [ntdll.dll+0x8c40c]


---------------  P R O C E S S  ---------------

Threads class SMR info:
_java_thread_list=0x00007ffeef7ebd20, length=0, elements={
}

Java Threads: ( => current thread )
Total: 0

Other Threads:
  0x000001aba0bff440 WorkerThread "GC Thread#0"                     [id=12244, stack(0x0000006636200000,0x0000006636300000) (1024K)]
  0x000001aba0c2a0f0 ConcurrentGCThread "G1 Main Marker"            [id=27940, stack(0x0000006636300000,0x0000006636400000) (1024K)]
  0x000001aba0c2abf0 WorkerThread "G1 Conc#0"                       [id=25740, stack(0x0000006636400000,0x0000006636500000) (1024K)]

[error occurred during error reporting (printing all threads), id 0xc0000005, EXCEPTION_ACCESS_VIOLATION (0xc0000005) at pc=0x00007ffeeeed5317]
VM state: not at safepoint (not fully initialized)

VM Mutex/Monitor currently owned by a thread:  ([mutex/lock_event])
[0x00007ffeef861720] Heap_lock - owner thread: 0x000001ab9e871aa0

Heap address: 0x0000000684800000, size: 6072 MB, Compressed Oops mode: Zero based, Oop shift amount: 3

CDS archive(s) mapped at: [0x0000000000000000-0x0000000000000000-0x0000000000000000), size 0, SharedBaseAddress: 0x0000000800000000, ArchiveRelocationMode: 1.
Narrow klass base: 0x0000000000000000, Narrow klass shift: 0, Narrow klass range: 0x0

GC Precious Log:
 CardTable entry size: 512
 Card Set container configuration: InlinePtr #cards 4 size 8 Array Of Cards #cards 32 size 80 Howl #buckets 8 coarsen threshold 7372 Howl Bitmap #cards 1024 size 144 coarsen threshold 921 Card regions per heap region 1 cards per card region 8192

Heap:
 garbage-first heap   total 0K, used 0K [0x0000000684800000, 0x0000000800000000)
  region size 4096K, 0 young (0K), 0 survivors (0K)

[error occurred during error reporting (printing heap information), id 0xc0000005, EXCEPTION_ACCESS_VIOLATION (0xc0000005) at pc=0x00007ffeef2c38a9]
GC Heap History (0 events):
No events

Dll operation events (1 events):
Event: 0.005 Loaded shared library C:\Program Files\BellSoft\LibericaJDK-21\bin\java.dll

Deoptimization events (0 events):
No events

Classes loaded (0 events):
No events

Classes unloaded (0 events):
No events

Classes redefined (0 events):
No events

Internal exceptions (0 events):
No events

ZGC Phase Switch (0 events):
No events

VM Operations (0 events):
No events

Memory protections (0 events):
No events

Nmethod flushes (0 events):
No events

Events (0 events):
No events


Dynamic libraries:
0x00007ff6768a0000 - 0x00007ff6768ae000 	C:\Program Files\BellSoft\LibericaJDK-21\bin\java.exe
0x00007fff20920000 - 0x00007fff20b88000 	C:\Windows\SYSTEM32\ntdll.dll
0x00007fff1fd90000 - 0x00007fff1fe59000 	C:\Windows\System32\KERNEL32.DLL
0x00007fff1d200000 - 0x00007fff1d5f1000 	C:\Windows\System32\KERNELBASE.dll
0x00007fff1e4c0000 - 0x00007fff1e60b000 	C:\Windows\System32\ucrtbase.dll
0x00007ffef4820000 - 0x00007ffef483b000 	C:\Program Files\BellSoft\LibericaJDK-21\bin\VCRUNTIME140.dll
0x00007ffef4890000 - 0x00007ffef48a8000 	C:\Program Files\BellSoft\LibericaJDK-21\bin\jli.dll
0x00007fff1ffe0000 - 0x00007fff201a6000 	C:\Windows\System32\USER32.dll
0x00007fff1e0a0000 - 0x00007fff1e0c7000 	C:\Windows\System32\win32u.dll
0x00007fff04380000 - 0x00007fff04613000 	C:\Windows\WinSxS\amd64_microsoft.windows.common-controls_6595b64144ccf1df_6.0.26100.7824_none_3e0870b2e3345462\COMCTL32.dll
0x00007fff1e770000 - 0x00007fff1e79b000 	C:\Windows\System32\GDI32.dll
0x00007fff1fe60000 - 0x00007fff1ff09000 	C:\Windows\System32\msvcrt.dll
0x00007fff1e0d0000 - 0x00007fff1e1fb000 	C:\Windows\System32\gdi32full.dll
0x00007fff1d600000 - 0x00007fff1d6a3000 	C:\Windows\System32\msvcp_win.dll
0x00007fff1f220000 - 0x00007fff1f251000 	C:\Windows\System32\IMM32.DLL
0x00007ffef4ab0000 - 0x00007ffef4abc000 	C:\Program Files\BellSoft\LibericaJDK-21\bin\vcruntime140_1.dll
0x00007ffef2870000 - 0x00007ffef28fe000 	C:\Program Files\BellSoft\LibericaJDK-21\bin\msvcp140.dll
0x00007ffeeeb90000 - 0x00007ffeef943000 	C:\Program Files\BellSoft\LibericaJDK-21\bin\server\jvm.dll
0x00007fff20650000 - 0x00007fff20704000 	C:\Windows\System32\ADVAPI32.dll
0x00007fff1e6c0000 - 0x00007fff1e766000 	C:\Windows\System32\sechost.dll
0x00007fff1f2e0000 - 0x00007fff1f3f8000 	C:\Windows\System32\RPCRT4.dll
0x00007fff1f260000 - 0x00007fff1f2d4000 	C:\Windows\System32\WS2_32.dll
0x00007fff1bde0000 - 0x00007fff1be3e000 	C:\Windows\SYSTEM32\POWRPROF.dll
0x00007fff15010000 - 0x00007fff15045000 	C:\Windows\SYSTEM32\WINMM.dll
0x00007fff129f0000 - 0x00007fff129fb000 	C:\Windows\SYSTEM32\VERSION.dll
0x00007fff1bdc0000 - 0x00007fff1bdd4000 	C:\Windows\SYSTEM32\UMPDC.dll
0x00007fff1c0a0000 - 0x00007fff1c0bb000 	C:\Windows\SYSTEM32\kernel.appcore.dll
0x00007ffef4810000 - 0x00007ffef481a000 	C:\Program Files\BellSoft\LibericaJDK-21\bin\jimage.dll
0x00007fff1b1d0000 - 0x00007fff1b412000 	C:\Windows\SYSTEM32\DBGHELP.DLL
0x00007fff1f500000 - 0x00007fff1f886000 	C:\Windows\System32\combase.dll
0x00007fff20320000 - 0x00007fff203f7000 	C:\Windows\System32\OLEAUT32.dll
0x00007fff019f0000 - 0x00007fff01a2b000 	C:\Windows\SYSTEM32\dbgcore.DLL
0x00007fff1e610000 - 0x00007fff1e6b5000 	C:\Windows\System32\bcryptPrimitives.dll
0x00007ffef47f0000 - 0x00007ffef480f000 	C:\Program Files\BellSoft\LibericaJDK-21\bin\java.dll

JVMTI agents: none

dbghelp: loaded successfully - version: 4.0.5 - missing functions: none
symbol engine: initialized successfully - sym options: 0x614 - pdb path: .;C:\Program Files\BellSoft\LibericaJDK-21\bin;C:\Windows\SYSTEM32;C:\Windows\WinSxS\amd64_microsoft.windows.common-controls_6595b64144ccf1df_6.0.26100.7824_none_3e0870b2e3345462;C:\Program Files\BellSoft\LibericaJDK-21\bin\server

VM Arguments:
jvm_args: -Dnet.bytebuddy.agent.attacher.dump= 
java_command: net.bytebuddy.agent.Attacher com.sun.tools.attach.VirtualMachine 26844 C:\Users\LENOVO\.m2\repository\net\bytebuddy\byte-buddy-agent\1.15.10\byte-buddy-agent-1.15.10.jar false 
java_class_path (initial): C:\Users\LENOVO\.m2\repository\net\bytebuddy\byte-buddy-agent\1.15.10\byte-buddy-agent-1.15.10.jar
Launcher Type: SUN_STANDARD

[Global flags]
     intx CICompilerCount                          = 12                                        {product} {ergonomic}
     uint ConcGCThreads                            = 3                                         {product} {ergonomic}
     uint G1ConcRefinementThreads                  = 13                                        {product} {ergonomic}
   size_t G1HeapRegionSize                         = 4194304                                   {product} {ergonomic}
    uintx GCDrainStackTargetSize                   = 64                                        {product} {ergonomic}
   size_t InitialHeapSize                          = 398458880                                 {product} {ergonomic}
   size_t MarkStackSize                            = 4194304                                   {product} {ergonomic}
   size_t MaxHeapSize                              = 6366953472                                {product} {ergonomic}
   size_t MinHeapDeltaBytes                        = 4194304                                   {product} {ergonomic}
   size_t MinHeapSize                              = 8388608                                   {product} {ergonomic}
    uintx NonNMethodCodeHeapSize                   = 7602480                                {pd product} {ergonomic}
    uintx NonProfiledCodeHeapSize                  = 122027880                              {pd product} {ergonomic}
    uintx ProfiledCodeHeapSize                     = 122027880                              {pd product} {ergonomic}
    uintx ReservedCodeCacheSize                    = 251658240                              {pd product} {ergonomic}
     bool SegmentedCodeCache                       = true                                      {product} {ergonomic}
   size_t SoftMaxHeapSize                          = 6366953472                             {manageable} {ergonomic}
     bool UseCompressedOops                        = true                           {product lp64_product} {ergonomic}
     bool UseG1GC                                  = true                                      {product} {ergonomic}
     bool UseLargePagesIndividualAllocation        = false                                  {pd product} {ergonomic}

Logging:
Log output configuration:
 #0: stdout all=warning uptime,level,tags foldmultilines=false
 #1: stderr all=off uptime,level,tags foldmultilines=false

Release file:
<release file has not been read>
Environment Variables:
JAVA_HOME=C:\Program Files\BellSoft\LibericaJDK-21\
PATH=C:\Program Files\BellSoft\LibericaJDK-21\bin\;C:\Program Files (x86)\Common Files\Oracle\Java\java8path;C:\Program Files (x86)\Common Files\Oracle\Java\javapath;C:\Python313\Scripts\;C:\Python313\;C:\Program Files\Eclipse Adoptium\jdk-17.0.13.11-hotspot\bin;C:\Windows\system32;C:\Windows;C:\Windows\System32\Wbem;C:\Windows\System32\WindowsPowerShell\v1.0\;C:\Windows\System32\OpenSSH\;C:\Program Files (x86)\NVIDIA Corporation\PhysX\Common;C:\Program Files\NVIDIA Corporation\NVIDIA NvDLISR;C:\Program Files\nodejs\;C:\ProgramData\chocolatey\bin;C:\Program Files\Git\cmd;C:\Program Files\dotnet\;C:\Program Files (x86)\Windows Kits\10\Windows Performance Toolkit\;C:\Users\avanish0210\AppData\Local\Programs\Python\Python3x\Scripts;C:\Program Files\apache-maven-3.9.11\bin;C:\Program Files\gradle-6.6\bin;C:\Program Files\Docker\Docker\resources\bin;C:\Users\LENOVO\.cargo\bin;C:\Users\LENOVO\AppData\Local\Microsoft\WindowsApps;C:\Users\LENOVO\AppData\Local\Programs\Microsoft VS Code\bin;C:\Users\LENOVO\AppData\Roaming\npm;C:\Users\LENOVO\AppData\Local\Microsoft\WinGet\Packages\Schniz.fnm_Microsoft.Winget.Source_8wekyb3d8bbwe;C:\msys64\ucrt64\bin;C:\Users\LENOVO\.dotnet\tools;C:\Program Files\JetBrains\IntelliJ IDEA 2025.2.3\bin;C:\Users\LENOVO\AppData\Local\JetBrains\Toolbox\scripts;C:\Users\LENOVO\AppData\Local\Programs\Antigravity\bin;c:\Users\LENOVO\.antigravity\extensions\vscjava.vscode-java-debug-0.58.5-universal\bundled\scripts\noConfigScripts
USERNAME=LENOVO
LANG=en_US.UTF-8
OS=Windows_NT
PROCESSOR_IDENTIFIER=Intel64 Family 6 Model 183 Stepping 1, GenuineIntel
TMP=C:\Users\LENOVO\AppData\Local\Temp
TEMP=C:\Users\LENOVO\AppData\Local\Temp




Periodic native trim disabled

---------------  S Y S T E M  ---------------

OS:
 Windows 11 , 64 bit Build 26100 (10.0.26100.7705)
OS uptime: 0 days 0:49 hours
Hyper-V role detected

CPU: total 16 (initial active 16) (8 cores per cpu, 2 threads per core) family 6 model 183 stepping 1 microcode 0x12e, cx8, cmov, fxsr, ht, mmx, 3dnowpref, sse, sse2, sse3, ssse3, sse4.1, sse4.2, popcnt, lzcnt, tsc, tscinvbit, avx, avx2, aes, erms, clmul, bmi1, bmi2, adx, sha, fma, vzeroupper, clflush, clflushopt, clwb, hv, serialize, rdtscp, rdpid, fsrm, f16c, cet_ibt, cet_ss
Processor Information for processor 0
  Max Mhz: 2400, Current Mhz: 2400, Mhz Limit: 2400
Processor Information for processor 1
  Max Mhz: 2400, Current Mhz: 2400, Mhz Limit: 2400
Processor Information for processor 2
  Max Mhz: 2400, Current Mhz: 2400, Mhz Limit: 2400
Processor Information for processor 3
  Max Mhz: 2400, Current Mhz: 2400, Mhz Limit: 2400
Processor Information for processor 4
  Max Mhz: 2400, Current Mhz: 2400, Mhz Limit: 2400
Processor Information for processor 5
  Max Mhz: 2400, Current Mhz: 2400, Mhz Limit: 2400
Processor Information for processor 6
  Max Mhz: 2400, Current Mhz: 2400, Mhz Limit: 2400
Processor Information for processor 7
  Max Mhz: 2400, Current Mhz: 2400, Mhz Limit: 2400
Processor Information for processor 8
  Max Mhz: 2400, Current Mhz: 2400, Mhz Limit: 2400
Processor Information for processor 9
  Max Mhz: 2400, Current Mhz: 2400, Mhz Limit: 2400
Processor Information for processor 10
  Max Mhz: 2400, Current Mhz: 2400, Mhz Limit: 2400
Processor Information for processor 11
  Max Mhz: 2400, Current Mhz: 2400, Mhz Limit: 2400
Processor Information for processor 12
  Max Mhz: 2400, Current Mhz: 1466, Mhz Limit: 2400
Processor Information for processor 13
  Max Mhz: 2400, Current Mhz: 1466, Mhz Limit: 2400
Processor Information for processor 14
  Max Mhz: 2400, Current Mhz: 1466, Mhz Limit: 2400
Processor Information for processor 15
  Max Mhz: 2400, Current Mhz: 1466, Mhz Limit: 2400

Memory: 4k page, system-wide physical 24283M (6495M free)
TotalPageFile size 24283M (AvailPageFile size 379M)
current process WorkingSet (physical memory assigned to process): 13M, peak: 13M
current process commit charge ("private bytes"): 71M, peak: 451M

vm_info: OpenJDK 64-Bit Server VM (21.0.9+11-LTS) for windows-amd64 JRE (21.0.9+11-LTS), built on 2025-10-14T21:57:38Z by "hudson" with MS VC++ 17.1 (VS2022)

END.
